*** Starting uWSGI 2.0.18 (64bit) on [Tue May 19 01:01:59 2020] ***
compiled with version: 8.3.1 20191121 (Red Hat 8.3.1-5) on 16 May 2020 14:32:16
os: Linux-4.18.0-80.4.2.el8_0.x86_64 #1 SMP Fri Jun 14 13:20:24 UTC 2019
nodename: ip-10-86-167-191.ap-southeast-2.compute.internal
machine: x86_64
clock source: unix
detected number of CPU cores: 2
current working directory: /home/m14AGroup6/views
detected binary path: /usr/local/bin/uwsgi
!!! no internal routing support, rebuild with pcre support !!!
uWSGI running as root, you can use --uid/--gid/--chroot options
*** WARNING: you are running uWSGI as root !!! (use the --uid flag) *** 
*** WARNING: you are running uWSGI without its master process manager ***
your processes number limit is 7033
your memory page size is 4096 bytes
detected max file descriptor number: 1024
lock engine: pthread robust mutexes
thunder lock: disabled (you can enable it with --thunder-lock)
uwsgi socket 0 bound to TCP address 10.86.167.191:80 fd 6
uWSGI running as root, you can use --uid/--gid/--chroot options
*** WARNING: you are running uWSGI as root !!! (use the --uid flag) *** 
Python version: 3.6.8 (default, Dec  5 2019, 15:45:45)  [GCC 8.3.1 20191121 (Red Hat 8.3.1-5)]
*** Python threads support is disabled. You can enable it with --enable-threads ***
Python main interpreter initialized at 0x254fbf0
uWSGI running as root, you can use --uid/--gid/--chroot options
*** WARNING: you are running uWSGI as root !!! (use the --uid flag) *** 
your server socket listen backlog is limited to 100 connections
your mercy for graceful operations on workers is 60 seconds
mapped 72904 bytes (71 KB) for 1 cores
*** Operational MODE: single process ***
failed to open python file run.py
unable to load app 0 (mountpoint='') (callable not found or import error)
*** no app loaded. going in full dynamic mode ***
uWSGI running as root, you can use --uid/--gid/--chroot options
*** WARNING: you are running uWSGI as root !!! (use the --uid flag) *** 
*** uWSGI is running in multiple interpreter mode ***
spawned uWSGI worker 1 (and the only) (pid: 51396, cores: 1)
--- no python application found, check your startup logs for errors ---
[pid: 51396|app: -1|req: -1/1] 10.48.72.13 () {36 vars in 762 bytes} [Tue May 19 01:02:05 2020] GET /homepage/COMP2017 => generated 21 bytes in 0 msecs (HTTP/1.1 500) 2 headers in 83 bytes (0 switches on core 0)
--- no python application found, check your startup logs for errors ---
[pid: 51396|app: -1|req: -1/2] 10.48.72.13 () {36 vars in 742 bytes} [Tue May 19 01:02:09 2020] GET /signout => generated 21 bytes in 0 msecs (HTTP/1.1 500) 2 headers in 83 bytes (0 switches on core 0)
